<?xml version="1.0" encoding="UTF-8" ?>
<testsuites disabled="0" errors="0" failures="0" tests="3" time="11.401">
 <testsuite name="angularjs homepage" timestamp="2019-09-22T09:51:50" hostname="localhost" time="7.806" errors="0" tests="1" skipped="0" disabled="0" failures="0">
  <testcase classname="angularjs homepage" name="should greet the named user" time="4.197" />
 </testsuite>
 <testsuite name="angularjs homepage.todo list" timestamp="2019-09-22T09:51:54" hostname="localhost" time="3.595" errors="0" tests="2" skipped="0" disabled="0" failures="0">
  <testcase classname="angularjs homepage.todo list" name="should list todos" time="1.899" />
  <testcase classname="angularjs homepage.todo list" name="should add a todo" time="1.694" />
 </testsuite>
</testsuites>