<?xml version="1.0" encoding="UTF-8" ?>
<testsuites disabled="0" errors="0" failures="1" tests="3" time="10.372">
 <testsuite name="angularjs homepage" timestamp="2019-09-22T08:33:16" hostname="localhost" time="7.385" errors="0" tests="1" skipped="0" disabled="0" failures="0">
  <testcase classname="angularjs homepage" name="should greet the named user" time="4.388" />
 </testsuite>
 <testsuite name="angularjs homepage.todo list" timestamp="2019-09-22T08:33:20" hostname="localhost" time="2.987" errors="0" tests="2" skipped="0" disabled="0" failures="1">
  <testcase classname="angularjs homepage.todo list" name="should list todos" time="1.614" />
  <testcase classname="angularjs homepage.todo list" name="should add a todo" time="1.372">
   <failure type="exception" message="Failed: addButton.click1 is not a function"><![CDATA[TypeError: addButton.click1 is not a function
    at UserContext.<anonymous> (C:\Users\vishal.shaha\Desktop\Protractor\ProtracorDemo\test\example_spec.js:31:17)
    at C:\Users\vishal.shaha\AppData\Roaming\npm\node_modules\protractor\node_modules\jasminewd2\index.js:112:25
    at new ManagedPromise (C:\Users\vishal.shaha\AppData\Roaming\npm\node_modules\protractor\node_modules\selenium-webdriver\lib\promise.js:1077:7)
    at ControlFlow.promise (C:\Users\vishal.shaha\AppData\Roaming\npm\node_modules\protractor\node_modules\selenium-webdriver\lib\promise.js:2505:12)
    at schedulerExecute (C:\Users\vishal.shaha\AppData\Roaming\npm\node_modules\protractor\node_modules\jasminewd2\index.js:95:18)
    at TaskQueue.execute_ (C:\Users\vishal.shaha\AppData\Roaming\npm\node_modules\protractor\node_modules\selenium-webdriver\lib\promise.js:3084:14)
    at TaskQueue.executeNext_ (C:\Users\vishal.shaha\AppData\Roaming\npm\node_modules\protractor\node_modules\selenium-webdriver\lib\promise.js:3067:27)
    at asyncRun (C:\Users\vishal.shaha\AppData\Roaming\npm\node_modules\protractor\node_modules\selenium-webdriver\lib\promise.js:2974:25)
    at C:\Users\vishal.shaha\AppData\Roaming\npm\node_modules\protractor\node_modules\selenium-webdriver\lib\promise.js:668:7
    at process._tickCallback (internal/process/next_tick.js:68:7)
From: Task: Run it("should add a todo") in control flow
    at UserContext.<anonymous> (C:\Users\vishal.shaha\AppData\Roaming\npm\node_modules\protractor\node_modules\jasminewd2\index.js:94:19)
    at attempt (C:\Users\vishal.shaha\AppData\Roaming\npm\node_modules\protractor\node_modules\jasmine-core\lib\jasmine-core\jasmine.js:4297:26)
    at QueueRunner.run (C:\Users\vishal.shaha\AppData\Roaming\npm\node_modules\protractor\node_modules\jasmine-core\lib\jasmine-core\jasmine.js:4217:20)
    at runNext (C:\Users\vishal.shaha\AppData\Roaming\npm\node_modules\protractor\node_modules\jasmine-core\lib\jasmine-core\jasmine.js:4257:20)
    at C:\Users\vishal.shaha\AppData\Roaming\npm\node_modules\protractor\node_modules\jasmine-core\lib\jasmine-core\jasmine.js:4264:13
    at C:\Users\vishal.shaha\AppData\Roaming\npm\node_modules\protractor\node_modules\jasmine-core\lib\jasmine-core\jasmine.js:4172:9
    at C:\Users\vishal.shaha\AppData\Roaming\npm\node_modules\protractor\node_modules\jasminewd2\index.js:64:48
    at ControlFlow.emit (C:\Users\vishal.shaha\AppData\Roaming\npm\node_modules\protractor\node_modules\selenium-webdriver\lib\events.js:62:21)
    at ControlFlow.shutdown_ (C:\Users\vishal.shaha\AppData\Roaming\npm\node_modules\protractor\node_modules\selenium-webdriver\lib\promise.js:2674:10)
    at shutdownTask_.MicroTask (C:\Users\vishal.shaha\AppData\Roaming\npm\node_modules\protractor\node_modules\selenium-webdriver\lib\promise.js:2599:53)
From asynchronous test: 
Error
    at Suite.<anonymous> (C:\Users\vishal.shaha\Desktop\Protractor\ProtracorDemo\test\example_spec.js:26:5)
    at addSpecsToSuite (C:\Users\vishal.shaha\AppData\Roaming\npm\node_modules\protractor\node_modules\jasmine-core\lib\jasmine-core\jasmine.js:1107:25)
    at Env.describe (C:\Users\vishal.shaha\AppData\Roaming\npm\node_modules\protractor\node_modules\jasmine-core\lib\jasmine-core\jasmine.js:1074:7)
    at describe (C:\Users\vishal.shaha\AppData\Roaming\npm\node_modules\protractor\node_modules\jasmine-core\lib\jasmine-core\jasmine.js:4399:18)
    at Suite.<anonymous> (C:\Users\vishal.shaha\Desktop\Protractor\ProtracorDemo\test\example_spec.js:12:3)
    at addSpecsToSuite (C:\Users\vishal.shaha\AppData\Roaming\npm\node_modules\protractor\node_modules\jasmine-core\lib\jasmine-core\jasmine.js:1107:25)
    at Env.describe (C:\Users\vishal.shaha\AppData\Roaming\npm\node_modules\protractor\node_modules\jasmine-core\lib\jasmine-core\jasmine.js:1074:7)
    at describe (C:\Users\vishal.shaha\AppData\Roaming\npm\node_modules\protractor\node_modules\jasmine-core\lib\jasmine-core\jasmine.js:4399:18)
    at Object.<anonymous> (C:\Users\vishal.shaha\Desktop\Protractor\ProtracorDemo\test\example_spec.js:1:1)]]>
   </failure>
  </testcase>
 </testsuite>
</testsuites>